<?xml version="1.0" encoding="UTF-8"?>
<!-- Generated by org.testng.reporters.JUnitXMLReporter -->
<testsuite hostname="Maulin" ignored="2" name="Surefire test" tests="10" failures="3" timestamp="24 Mar 2020 18:57:27 GMT" time="190.018" errors="0">
  <testcase name="displayProductPrice" time="0.962" classname="MSInnovations.TestSuite"/>
  <testcase name="guestUserShouldBeAbleToComment" time="6.115" classname="MSInnovations.TestSuite"/>
  <testcase name="guestUserShouldCheckoutSuccessfully" time="17.817" classname="MSInnovations.TestSuite"/>
  <testcase name="registeredUserShouldBeAbleToReferAFriend" time="10.383" classname="MSInnovations.TestSuite"/>
  <testcase name="unregisteredUserShouldNOTBeAbleReferAFriend" time="41.499" classname="MSInnovations.TestSuite">
    <failure type="org.openqa.selenium.NoSuchElementException" message="no such element: Unable to locate element: {&amp;quot;method&amp;quot;:&amp;quot;xpath&amp;quot;,&amp;quot;selector&amp;quot;:&amp;quot;//div [@class=&amp;apos;message-error validation-summary-errors&amp;apos;]&amp;quot;}
  (Session info: MicrosoftEdge=80.0.361.48)
  (Driver info: msedgedriver=80.0.361.48 (e1a3ff36578e440880567e6adcbeab38ec2956fa),platform=Windows NT 10.0.10586 x86_64) (WARNING: The server did not provide any stacktrace information)
Command duration or timeout: 0 milliseconds
For documentation on this error, please visit: https://www.seleniumhq.org/exceptions/no_such_element.html
Build info: version: &amp;apos;3.141.59&amp;apos;, revision: &amp;apos;e82be7d358&amp;apos;, time: &amp;apos;2018-11-14T08:17:03&amp;apos;
System info: host: &amp;apos;MAULIN&amp;apos;, ip: &amp;apos;192.168.0.17&amp;apos;, os.name: &amp;apos;Windows 10&amp;apos;, os.arch: &amp;apos;amd64&amp;apos;, os.version: &amp;apos;10.0&amp;apos;, java.version: &amp;apos;1.8.0_221&amp;apos;
Driver info: org.openqa.selenium.remote.RemoteWebDriver
Capabilities {acceptInsecureCerts: false, acceptSslCerts: false, applicationCacheEnabled: false, browserConnectionEnabled: false, browserName: msedge, cssSelectorsEnabled: true, databaseEnabled: false, handlesAlerts: true, hasMetadata: true, hasTouchScreen: false, javascriptEnabled: true, locationContextEnabled: true, mobileEmulationEnabled: false, ms:edgeOptions: {debuggerAddress: localhost:49748}, msedge: {msedgedriverVersion: 80.0.361.48 (e1a3ff36578e44..., userDataDir: C:\Users\ADMINI~1\AppData\L...}, nativeEvents: true, networkConnectionEnabled: false, pageLoadStrategy: normal, platform: WINDOWS, platformName: WINDOWS, proxy: Proxy(), rotatable: false, setWindowRect: true, strictFileInteractability: false, takesHeapSnapshot: true, takesScreenshot: true, timeouts: {implicit: 0, pageLoad: 300000, script: 30000}, unexpectedAlertBehaviour: ignore, unhandledPromptBehavior: ignore, version: 80.0.361.48, webStorageEnabled: true, webdriver.remote.sessionid: 31fd294b6190421e8c3206e3e5b...}
Session ID: 31fd294b6190421e8c3206e3e5b3801e
*** Element info: {Using=xpath, value=//div [@class=&amp;apos;message-error validation-summary-errors&amp;apos;]}">
      <![CDATA[org.openqa.selenium.NoSuchElementException: no such element: Unable to locate element: {"method":"xpath","selector":"//div [@class='message-error validation-summary-errors']"}
  (Session info: MicrosoftEdge=80.0.361.48)
  (Driver info: msedgedriver=80.0.361.48 (e1a3ff36578e440880567e6adcbeab38ec2956fa),platform=Windows NT 10.0.10586 x86_64) (WARNING: The server did not provide any stacktrace information)
Command duration or timeout: 0 milliseconds
For documentation on this error, please visit: https://www.seleniumhq.org/exceptions/no_such_element.html
Build info: version: '3.141.59', revision: 'e82be7d358', time: '2018-11-14T08:17:03'
System info: host: 'MAULIN', ip: '192.168.0.17', os.name: 'Windows 10', os.arch: 'amd64', os.version: '10.0', java.version: '1.8.0_221'
Driver info: org.openqa.selenium.remote.RemoteWebDriver
Capabilities {acceptInsecureCerts: false, acceptSslCerts: false, applicationCacheEnabled: false, browserConnectionEnabled: false, browserName: msedge, cssSelectorsEnabled: true, databaseEnabled: false, handlesAlerts: true, hasMetadata: true, hasTouchScreen: false, javascriptEnabled: true, locationContextEnabled: true, mobileEmulationEnabled: false, ms:edgeOptions: {debuggerAddress: localhost:49748}, msedge: {msedgedriverVersion: 80.0.361.48 (e1a3ff36578e44..., userDataDir: C:\Users\ADMINI~1\AppData\L...}, nativeEvents: true, networkConnectionEnabled: false, pageLoadStrategy: normal, platform: WINDOWS, platformName: WINDOWS, proxy: Proxy(), rotatable: false, setWindowRect: true, strictFileInteractability: false, takesHeapSnapshot: true, takesScreenshot: true, timeouts: {implicit: 0, pageLoad: 300000, script: 30000}, unexpectedAlertBehaviour: ignore, unhandledPromptBehavior: ignore, version: 80.0.361.48, webStorageEnabled: true, webdriver.remote.sessionid: 31fd294b6190421e8c3206e3e5b...}
Session ID: 31fd294b6190421e8c3206e3e5b3801e
*** Element info: {Using=xpath, value=//div [@class='message-error validation-summary-errors']}
at org.openqa.selenium.remote.ErrorHandler.createThrowable(ErrorHandler.java:214)
at org.openqa.selenium.remote.ErrorHandler.throwIfResponseFailed(ErrorHandler.java:166)
at org.openqa.selenium.remote.http.JsonHttpResponseCodec.reconstructValue(JsonHttpResponseCodec.java:40)
at org.openqa.selenium.remote.http.AbstractHttpResponseCodec.decode(AbstractHttpResponseCodec.java:80)
at org.openqa.selenium.remote.http.AbstractHttpResponseCodec.decode(AbstractHttpResponseCodec.java:44)
at org.openqa.selenium.remote.HttpCommandExecutor.execute(HttpCommandExecutor.java:158)
at org.openqa.selenium.remote.RemoteWebDriver.execute(RemoteWebDriver.java:552)
at org.openqa.selenium.remote.RemoteWebDriver.findElement(RemoteWebDriver.java:323)
at org.openqa.selenium.remote.RemoteWebDriver.findElementByXPath(RemoteWebDriver.java:428)
at org.openqa.selenium.By$ByXPath.findElement(By.java:353)
at org.openqa.selenium.remote.RemoteWebDriver.findElement(RemoteWebDriver.java:315)
at MSInnovations.Utils.getTextElement(Utils.java:26)
at MSInnovations.Utils.assertTextMessage(Utils.java:64)
at MSInnovations.EmailAFriendPage.verifyReferAFriendMessage(EmailAFriendPage.java:34)
at MSInnovations.TestSuite.unregisteredUserShouldNOTBeAbleReferAFriend(TestSuite.java:61)
... Removed 34 stack frames]]>
    </failure>
  </testcase> <!-- unregisteredUserShouldNOTBeAbleReferAFriend -->
  <testcase name="userShouldAbleToRegisterSuccessfully" time="30.106" classname="MSInnovations.TestSuite">
    <failure type="org.openqa.selenium.NoSuchElementException" message="no such element: Unable to locate element: {&amp;quot;method&amp;quot;:&amp;quot;link text&amp;quot;,&amp;quot;selector&amp;quot;:&amp;quot;Register&amp;quot;}
  (Session info: MicrosoftEdge=80.0.361.48)
  (Driver info: msedgedriver=80.0.361.48 (e1a3ff36578e440880567e6adcbeab38ec2956fa),platform=Windows NT 10.0.10586 x86_64) (WARNING: The server did not provide any stacktrace information)
Command duration or timeout: 0 milliseconds
For documentation on this error, please visit: https://www.seleniumhq.org/exceptions/no_such_element.html
Build info: version: &amp;apos;3.141.59&amp;apos;, revision: &amp;apos;e82be7d358&amp;apos;, time: &amp;apos;2018-11-14T08:17:03&amp;apos;
System info: host: &amp;apos;MAULIN&amp;apos;, ip: &amp;apos;192.168.0.17&amp;apos;, os.name: &amp;apos;Windows 10&amp;apos;, os.arch: &amp;apos;amd64&amp;apos;, os.version: &amp;apos;10.0&amp;apos;, java.version: &amp;apos;1.8.0_221&amp;apos;
Driver info: org.openqa.selenium.remote.RemoteWebDriver
Capabilities {acceptInsecureCerts: false, acceptSslCerts: false, applicationCacheEnabled: false, browserConnectionEnabled: false, browserName: msedge, cssSelectorsEnabled: true, databaseEnabled: false, handlesAlerts: true, hasMetadata: true, hasTouchScreen: false, javascriptEnabled: true, locationContextEnabled: true, mobileEmulationEnabled: false, ms:edgeOptions: {debuggerAddress: localhost:49748}, msedge: {msedgedriverVersion: 80.0.361.48 (e1a3ff36578e44..., userDataDir: C:\Users\ADMINI~1\AppData\L...}, nativeEvents: true, networkConnectionEnabled: false, pageLoadStrategy: normal, platform: WINDOWS, platformName: WINDOWS, proxy: Proxy(), rotatable: false, setWindowRect: true, strictFileInteractability: false, takesHeapSnapshot: true, takesScreenshot: true, timeouts: {implicit: 0, pageLoad: 300000, script: 30000}, unexpectedAlertBehaviour: ignore, unhandledPromptBehavior: ignore, version: 80.0.361.48, webStorageEnabled: true, webdriver.remote.sessionid: 31fd294b6190421e8c3206e3e5b...}
Session ID: 31fd294b6190421e8c3206e3e5b3801e
*** Element info: {Using=link text, value=Register}">
      <![CDATA[org.openqa.selenium.NoSuchElementException: no such element: Unable to locate element: {"method":"link text","selector":"Register"}
  (Session info: MicrosoftEdge=80.0.361.48)
  (Driver info: msedgedriver=80.0.361.48 (e1a3ff36578e440880567e6adcbeab38ec2956fa),platform=Windows NT 10.0.10586 x86_64) (WARNING: The server did not provide any stacktrace information)
Command duration or timeout: 0 milliseconds
For documentation on this error, please visit: https://www.seleniumhq.org/exceptions/no_such_element.html
Build info: version: '3.141.59', revision: 'e82be7d358', time: '2018-11-14T08:17:03'
System info: host: 'MAULIN', ip: '192.168.0.17', os.name: 'Windows 10', os.arch: 'amd64', os.version: '10.0', java.version: '1.8.0_221'
Driver info: org.openqa.selenium.remote.RemoteWebDriver
Capabilities {acceptInsecureCerts: false, acceptSslCerts: false, applicationCacheEnabled: false, browserConnectionEnabled: false, browserName: msedge, cssSelectorsEnabled: true, databaseEnabled: false, handlesAlerts: true, hasMetadata: true, hasTouchScreen: false, javascriptEnabled: true, locationContextEnabled: true, mobileEmulationEnabled: false, ms:edgeOptions: {debuggerAddress: localhost:49748}, msedge: {msedgedriverVersion: 80.0.361.48 (e1a3ff36578e44..., userDataDir: C:\Users\ADMINI~1\AppData\L...}, nativeEvents: true, networkConnectionEnabled: false, pageLoadStrategy: normal, platform: WINDOWS, platformName: WINDOWS, proxy: Proxy(), rotatable: false, setWindowRect: true, strictFileInteractability: false, takesHeapSnapshot: true, takesScreenshot: true, timeouts: {implicit: 0, pageLoad: 300000, script: 30000}, unexpectedAlertBehaviour: ignore, unhandledPromptBehavior: ignore, version: 80.0.361.48, webStorageEnabled: true, webdriver.remote.sessionid: 31fd294b6190421e8c3206e3e5b...}
Session ID: 31fd294b6190421e8c3206e3e5b3801e
*** Element info: {Using=link text, value=Register}
at org.openqa.selenium.remote.ErrorHandler.createThrowable(ErrorHandler.java:214)
at org.openqa.selenium.remote.ErrorHandler.throwIfResponseFailed(ErrorHandler.java:166)
at org.openqa.selenium.remote.http.JsonHttpResponseCodec.reconstructValue(JsonHttpResponseCodec.java:40)
at org.openqa.selenium.remote.http.AbstractHttpResponseCodec.decode(AbstractHttpResponseCodec.java:80)
at org.openqa.selenium.remote.http.AbstractHttpResponseCodec.decode(AbstractHttpResponseCodec.java:44)
at org.openqa.selenium.remote.HttpCommandExecutor.execute(HttpCommandExecutor.java:158)
at org.openqa.selenium.remote.RemoteWebDriver.execute(RemoteWebDriver.java:552)
at org.openqa.selenium.remote.RemoteWebDriver.findElement(RemoteWebDriver.java:323)
at org.openqa.selenium.remote.RemoteWebDriver.findElementByLinkText(RemoteWebDriver.java:380)
at org.openqa.selenium.By$ByLinkText.findElement(By.java:220)
at org.openqa.selenium.remote.RemoteWebDriver.findElement(RemoteWebDriver.java:315)
at MSInnovations.Utils.clickOnElement(Utils.java:21)
at MSInnovations.HomePage.clickOnRegistrationLink(HomePage.java:19)
at MSInnovations.TestSuite.userShouldAbleToRegisterSuccessfully(TestSuite.java:28)
... Removed 34 stack frames]]>
    </failure>
  </testcase> <!-- userShouldAbleToRegisterSuccessfully -->
  <testcase name="userShouldBeAbleToChangeCurrency" time="62.997" classname="MSInnovations.TestSuite"/>
  <testcase name="userShouldBeAbleToCompareProducts" time="3.941" classname="MSInnovations.TestSuite"/>
  <testcase name="userShouldBeAbleToSortOutProductHighToLow" time="2.313" classname="MSInnovations.TestSuite">
    <failure type="java.lang.NumberFormatException" message="For input string: &amp;quot;From Ђ30.10&amp;quot;">
      <![CDATA[java.lang.NumberFormatException: For input string: "From Ђ30.10"
at sun.misc.FloatingDecimal.readJavaFormatString(FloatingDecimal.java:2043)
at sun.misc.FloatingDecimal.parseFloat(FloatingDecimal.java:122)
at java.lang.Float.parseFloat(Float.java:451)
at MSInnovations.ClothingPage.sortProductsHighToLow(ClothingPage.java:30)
at MSInnovations.TestSuite.userShouldBeAbleToSortOutProductHighToLow(TestSuite.java:94)
... Removed 30 stack frames]]>
    </failure>
  </testcase> <!-- userShouldBeAbleToSortOutProductHighToLow -->
  <testcase name="verifyAddToCartButtonForAllFeaturedProducts" time="0.628" classname="MSInnovations.TestSuite"/>
  <testcase name="@BeforeTest openBrowser" time="0.0" classname="MSInnovations.BaseTest">
    <ignored/>
  </testcase> <!-- @BeforeTest openBrowser -->
  <testcase name="@AfterTest closeBrowser" time="0.0" classname="MSInnovations.BaseTest">
    <ignored/>
  </testcase> <!-- @AfterTest closeBrowser -->
</testsuite> <!-- Surefire test -->
